[INFO ] 12-13 18:25:05 [main](com.gline.log.LogFactory:30) - This is an driver.info,stdout,R
[INFO ] 12-13 18:25:05 [main](com.gline.log.LogFactory:35) - This is an info.
[WARN ] 12-13 18:25:05 [main](com.gline.log.LogFactory:36) - This is a warning.
[ERROR] 12-13 18:25:05 [main](com.gline.log.LogFactory:37) - This is an error.
[FATAL] 12-13 18:25:05 [main](com.gline.log.LogFactory:38) - This is a fatal error.
[ERROR] 12-13 18:25:05 [main](thread.ThreadUncaughtExceptionHandler:20) - 异常捕捉: main 异常java.lang.NoClassDefFoundError: org/apache/xmlbeans/XmlException
java.lang.NoClassDefFoundError: org/apache/xmlbeans/XmlException
	at com.gline.Excel.ReadExcelBoxrate.readXlsx(ReadExcelBoxrate.java:29)
	at com.gline.Excel.base.ExcelManager.ReadAllExcel(ExcelManager.java:31)
	at com.gline.Main.main(Main.java:36)
Caused by: java.lang.ClassNotFoundException: org.apache.xmlbeans.XmlException
	at java.net.URLClassLoader.findClass(Unknown Source)
	at java.lang.ClassLoader.loadClass(Unknown Source)
	at sun.misc.Launcher$AppClassLoader.loadClass(Unknown Source)
	at java.lang.ClassLoader.loadClass(Unknown Source)
	... 3 more
[INFO ] 12-13 18:25:45 [main](com.gline.log.LogFactory:30) - This is an driver.info,stdout,R
[INFO ] 12-13 18:25:45 [main](com.gline.log.LogFactory:35) - This is an info.
[WARN ] 12-13 18:25:45 [main](com.gline.log.LogFactory:36) - This is a warning.
[ERROR] 12-13 18:25:45 [main](com.gline.log.LogFactory:37) - This is an error.
[FATAL] 12-13 18:25:45 [main](com.gline.log.LogFactory:38) - This is a fatal error.
[INFO ] 12-13 18:25:45 [main](com.gline.Excel.ReadExcelBoxrate:42) - xssfSheet.getLastRowNum()==33
[INFO ] 12-13 18:25:45 [main](com.gline.Excel.ReadExcelFishType:33) - xssfSheet.getLastRowNum()==90
[INFO ] 12-13 18:25:45 [main](com.gline.Excel.ReadExcelRoleLv:34) - xssfSheet.getLastRowNum()==136
[INFO ] 12-13 18:25:45 [main](com.gline.Excel.ReadExcelFishRefresh:35) - xssfSheet.getLastRowNum()==12
[INFO ] 12-13 18:25:45 [main](com.gline.Excel.ReadExcelFishGruop:38) - xssfSheet.getLastRowNum()==118
[INFO ] 12-13 18:25:45 [main](com.gline.Excel.ReadExcelFishPath:39) - xssfSheet.getLastRowNum()==98
[INFO ] 12-13 18:25:45 [main](com.gline.Excel.ReadExcelPrize:33) - xssfSheet.getLastRowNum()==90
[INFO ] 12-13 18:25:46 [main](com.gline.Main:38) - --------->>>>>>>>>Init GameServer
[INFO ] 12-13 18:25:46 [pool-2-thread-1](task.HeartBeatTask:34) - 线程[2]线程组0空闲内存/总内存：[395MB/491MB] 处理器[12]
[INFO ] 12-13 18:25:46 [main](com.gline.GameServerInit:45) - 加载线程
[INFO ] 12-13 18:25:46 [main](com.gline.Main:41) - --------->>>>>>>>>Init NetWork
[INFO ] 12-13 18:25:46 [main](com.gline.NetWorkInit:32) - --------->>>>>>>>>initController
[INFO ] 12-13 18:25:46 [main](netBase.Manager.ModuleManager:38) - model注册成功com.gline.controller.ALL.ConquestController
[INFO ] 12-13 18:25:46 [main](netBase.Manager.ModuleManager:38) - model注册成功com.gline.controller.ALL.FightController
[INFO ] 12-13 18:25:46 [main](netBase.Manager.ModuleManager:38) - model注册成功com.gline.controller.ALL.ItemController
[INFO ] 12-13 18:25:46 [main](netBase.Manager.ModuleManager:38) - model注册成功com.gline.controller.ALL.LoginController
[WARN ] 12-13 18:25:46 [main](com.gline.controller.LoadController:72) - 加载控制器失败,类[com.gline.controller.ALL.NpcController]缺少ClassAnn注解！！
[INFO ] 12-13 18:25:46 [main](netBase.Manager.ModuleManager:38) - model注册成功com.gline.controller.ALL.PlayerController
[INFO ] 12-13 18:25:46 [main](netBase.Manager.ModuleManager:38) - model注册成功com.gline.controller.ALL.SceneController
[INFO ] 12-13 18:25:46 [main](netBase.Manager.ModuleManager:38) - model注册成功com.gline.controller.ALL.ScoketController
[INFO ] 12-13 18:25:46 [main](netBase.Manager.ModuleManager:38) - model注册成功com.gline.controller.ALL.ShopController
[INFO ] 12-13 18:25:46 [main](com.gline.NetWorkInit:34) - --------->>>>>>>>>initResolve
[INFO ] 12-13 18:25:46 [main](com.gline.NetWorkInit:63) - --------->>>>>>>>>init--------Resolve
[INFO ] 12-13 18:25:46 [main](com.gline.Main:44) - --------->>>>>>>>>HttpServer
[INFO ] 12-13 18:25:46 [main](com.gline.Main:49) - --------->>>>>>>>>Test Mongodb
[INFO ] 12-13 18:25:52 [main](com.gline.Main:68) - exception happens
com.mongodb.MongoException$Network: can't say something
	at com.mongodb.DBTCPConnector.say(DBTCPConnector.java:174)
	at com.mongodb.DBTCPConnector.say(DBTCPConnector.java:146)
	at com.mongodb.DBApiLayer$MyCollection.insert(DBApiLayer.java:254)
	at com.mongodb.DBApiLayer$MyCollection.insert(DBApiLayer.java:209)
	at com.mongodb.DBCollection.insert(DBCollection.java:82)
	at engine.mongodb.base.BaseDAOImpl.insert(BaseDAOImpl.java:15)
	at engine.mongodb.test.testPut(test.java:24)
	at com.gline.Main.main(Main.java:50)
Caused by: java.io.IOException: couldn't connect to [DESKTOP-110EBDM/192.168.1.163:27017] bc:java.net.ConnectException: Connection refused: connect
	at com.mongodb.DBPort._open(DBPort.java:205)
	at com.mongodb.DBPort.go(DBPort.java:94)
	at com.mongodb.DBPort.go(DBPort.java:75)
	at com.mongodb.DBPort.say(DBPort.java:70)
	at com.mongodb.DBTCPConnector.say(DBTCPConnector.java:160)
	... 7 more
